#
# A fatal error has been detected by the Java Runtime Environment:
#
#  EXCEPTION_ACCESS_VIOLATION (0xc0000005) at pc=0x000000006b60248b, pid=8332, tid=4928
#
# JRE version: Java(TM) SE Runtime Environment (7.0_51-b13) (build 1.7.0_51-b13)
# Java VM: Java HotSpot(TM) 64-Bit Server VM (24.51-b03 mixed mode windows-amd64 compressed oops)
# Problematic frame:
# V  [jvm.dll+0x14248b]
#
# Failed to write core dump. Minidumps are not enabled by default on client versions of Windows
#
# If you would like to submit a bug report, please visit:
#   http://bugreport.sun.com/bugreport/crash.jsp
#

---------------  T H R E A D  ---------------

Current thread (0x0000000002a35800):  JavaThread "JDWP Transport Listener: dt_socket" daemon [_thread_in_vm, id=4928, stack(0x0000000016f70000,0x0000000017070000)]

siginfo: ExceptionCode=0xc0000005, reading address 0xffffffffffffffff

Registers:
RAX=0x000000001706f801, RBX=0x0000000002a35800, RCX=0x6f003b796765003b, RDX=0x0000000000000000
RSP=0x000000001706f7c0, RBP=0x6f003b796765003b, RSI=0x000000001706f8d8, RDI=0x0000000000c97c80
R8 =0x0000000002a35800, R9 =0x0000000000008000, R10=0x0000000000000000, R11=0x0000000017ad132b
R12=0x0000000000000000, R13=0x0000000002a2eb28, R14=0x0000000000000000, R15=0x0000000000000000
RIP=0x000000006b60248b, EFLAGS=0x0000000000010202

Top of Stack: (sp=0x000000001706f7c0)
0x000000001706f7c0:   0000000002a35800 0000000000000005
0x000000001706f7d0:   000000001706f888 000000006b7a1239
0x000000001706f7e0:   0000000002a35800 000000006b7bede2
0x000000001706f7f0:   0000000000000000 000000006d448e89
0x000000001706f800:   00000000146a6fc0 000000006d45265a
0x000000001706f810:   0000000002a35800 0000000000000000
0x000000001706f820:   0000000000000000 0000000000000000
0x000000001706f830:   6f003b796765003b 000000006d451751
0x000000001706f840:   000000001706f8d8 000000001706f8b0
0x000000001706f850:   0000000000000001 00000000146a6fc0
0x000000001706f860:   6f003b796765003b 000000006d4353b3
0x000000001706f870:   000000001706f9a0 0000000000000001
0x000000001706f880:   0000000000000001 00000000146a6fc0
0x000000001706f890:   000000000000000a 0000000000000000
0x000000001706f8a0:   0000000000000000 0000000000000000
0x000000001706f8b0:   0000000000000001 000000006d435571 

Instructions: (pc=0x000000006b60248b)
0x000000006b60246b:   48 8b 5c 24 30 48 89 47 18 48 83 c4 20 5f c3 cc
0x000000006b60247b:   cc cc cc cc cc 40 53 48 83 ec 20 48 85 c9 74 54
0x000000006b60248b:   48 8b 19 48 85 db 74 4c 48 b8 fe fe fe fe fe fe
0x000000006b60249b:   fe fe 48 3b d8 74 3d 80 3d 8f 87 60 00 00 74 15 


Register to memory mapping:

RAX=0x000000001706f801 is pointing into the stack for thread: 0x0000000002a35800
RBX=0x0000000002a35800 is a thread
RCX=0x6f003b796765003b is an unknown value
RDX=0x0000000000000000 is an unknown value
RSP=0x000000001706f7c0 is pointing into the stack for thread: 0x0000000002a35800
RBP=0x6f003b796765003b is an unknown value
RSI=0x000000001706f8d8 is pointing into the stack for thread: 0x0000000002a35800
RDI=0x0000000000c97c80 is an unknown value
R8 =0x0000000002a35800 is a thread
R9 =0x0000000000008000 is an unknown value
R10=0x0000000000000000 is an unknown value
R11=0x0000000017ad132b is an unknown value
R12=0x0000000000000000 is an unknown value
R13=0x0000000002a2eb28 is an unknown value
R14=0x0000000000000000 is an unknown value
R15=0x0000000000000000 is an unknown value


Stack: [0x0000000016f70000,0x0000000017070000],  sp=0x000000001706f7c0,  free space=1021k
Native frames: (J=compiled Java code, j=interpreted, Vv=VM code, C=native code)
V  [jvm.dll+0x14248b]


---------------  P R O C E S S  ---------------

Java Threads: ( => current thread )
  0x0000000017aed800 JavaThread "pool-1-thread-1" [_thread_blocked, id=5116, stack(0x0000000018f40000,0x0000000019040000)]
  0x0000000017993800 JavaThread "Abandoned connection cleanup thread" daemon [_thread_blocked, id=9872, stack(0x0000000018e40000,0x0000000018f40000)]
  0x00000000166cd800 JavaThread "Service Thread" daemon [_thread_blocked, id=10004, stack(0x0000000017470000,0x0000000017570000)]
  0x00000000166ca000 JavaThread "C2 CompilerThread1" daemon [_thread_blocked, id=9104, stack(0x0000000017370000,0x0000000017470000)]
  0x00000000166c8800 JavaThread "C2 CompilerThread0" daemon [_thread_blocked, id=5292, stack(0x0000000017270000,0x0000000017370000)]
  0x00000000166b9800 JavaThread "JDWP Command Reader" daemon [_thread_in_native, id=9948, stack(0x0000000017170000,0x0000000017270000)]
  0x00000000166b6800 JavaThread "JDWP Event Helper Thread" daemon [_thread_blocked, id=9240, stack(0x0000000017070000,0x0000000017170000)]
=>0x0000000002a35800 JavaThread "JDWP Transport Listener: dt_socket" daemon [_thread_in_vm, id=4928, stack(0x0000000016f70000,0x0000000017070000)]
  0x0000000002a30000 JavaThread "Attach Listener" daemon [_thread_blocked, id=9868, stack(0x0000000016b90000,0x0000000016c90000)]
  0x0000000002a2b000 JavaThread "Signal Dispatcher" daemon [_thread_blocked, id=6320, stack(0x0000000016a90000,0x0000000016b90000)]
  0x000000001469e800 JavaThread "Finalizer" daemon [_thread_blocked, id=9588, stack(0x0000000016590000,0x0000000016690000)]
  0x0000000014695800 JavaThread "Reference Handler" daemon [_thread_blocked, id=8252, stack(0x0000000016490000,0x0000000016590000)]
  0x0000000002943800 JavaThread "main" [_thread_blocked, id=9676, stack(0x0000000002770000,0x0000000002870000)]

Other Threads:
  0x0000000014694800 VMThread [stack: 0x0000000016390000,0x0000000016490000] [id=9080]
  0x00000000166f3800 WatcherThread [stack: 0x0000000017570000,0x0000000017670000] [id=9236]

VM state:not at safepoint (normal execution)

VM Mutex/Monitor currently owned by a thread: None

Heap
 PSYoungGen      total 114688K, used 98304K [0x0000000780500000, 0x0000000788500000, 0x0000000800000000)
  eden space 98304K, 100% used [0x0000000780500000,0x0000000786500000,0x0000000786500000)
  from space 16384K, 0% used [0x0000000787500000,0x0000000787500000,0x0000000788500000)
  to   space 16384K, 0% used [0x0000000786500000,0x0000000786500000,0x0000000787500000)
 ParOldGen       total 261120K, used 0K [0x0000000681000000, 0x0000000690f00000, 0x0000000780500000)
  object space 261120K, 0% used [0x0000000681000000,0x0000000681000000,0x0000000690f00000)
 PSPermGen       total 21504K, used 19729K [0x000000067be00000, 0x000000067d300000, 0x0000000681000000)
  object space 21504K, 91% used [0x000000067be00000,0x000000067d144408,0x000000067d300000)

Card table byte_map: [0x0000000005a40000,0x0000000006670000] byte_map_base: 0x0000000002661000

Polling page: 0x0000000000f60000

Code Cache  [0x0000000002a40000, 0x0000000002cb0000, 0x0000000005a40000)
 total_blobs=559 nmethods=172 adapters=346 free_code_cache=48224Kb largest_free_block=49350336

Compilation events (10 events):
Event: 1004.331 Thread 0x00000000166c8800  170   !         java.lang.ref.ReferenceQueue::remove (80 bytes)
Event: 1004.336 Thread 0x00000000166c8800 nmethod 170 0x0000000002b2a410 code [0x0000000002b2a580, 0x0000000002b2aad8]
Event: 1462.352 Thread 0x00000000166ca000  171 % !         com.mysql.jdbc.AbandonedConnectionCleanupThread::run @ 4 (62 bytes)
Event: 1462.353 Thread 0x00000000166ca000 nmethod 171% 0x0000000002b2ae50 code [0x0000000002b2afa0, 0x0000000002b2b0c8]
Event: 77345.085 Thread 0x00000000166c8800  173             java.util.concurrent.locks.AbstractQueuedSynchronizer::setState (6 bytes)
Event: 77345.085 Thread 0x00000000166ca000  174             java.util.concurrent.locks.AbstractQueuedSynchronizer::compareAndSetState (13 bytes)
Event: 77345.087 Thread 0x00000000166ca000 nmethod 174 0x0000000002b26650 code [0x0000000002b26780, 0x0000000002b267f8]
Event: 77345.087 Thread 0x00000000166c8800 nmethod 173 0x0000000002b29e10 code [0x0000000002b29f40, 0x0000000002b29fb8]
Event: 77345.087 Thread 0x00000000166c8800  175             java.util.concurrent.locks.AbstractQueuedSynchronizer::release (33 bytes)
Event: 77345.092 Thread 0x00000000166c8800 nmethod 175 0x0000000002b29a50 code [0x0000000002b29ba0, 0x0000000002b29ce8]

GC Heap History (0 events):
No events

Deoptimization events (10 events):
Event: 0.665 Thread 0x0000000002943800 Uncommon trap: reason=class_check action=maybe_recompile pc=0x0000000002acd3bc method=java.util.Properties$LineReader.readLine()I @ 62
Event: 0.665 Thread 0x0000000002943800 Uncommon trap: reason=class_check action=maybe_recompile pc=0x0000000002acd3bc method=java.util.Properties$LineReader.readLine()I @ 62
Event: 0.665 Thread 0x0000000002943800 Uncommon trap: reason=class_check action=maybe_recompile pc=0x0000000002acd3bc method=java.util.Properties$LineReader.readLine()I @ 62
Event: 1.236 Thread 0x0000000002943800 Uncommon trap: reason=class_check action=maybe_recompile pc=0x0000000002ac4f30 method=java.util.regex.Pattern$Start.match(Ljava/util/regex/Matcher;ILjava/lang/CharSequence;)Z @ 44
Event: 1.236 Thread 0x0000000002943800 Uncommon trap: reason=class_check action=maybe_recompile pc=0x0000000002b1efa8 method=java.util.regex.Pattern$Branch.match(Ljava/util/regex/Matcher;ILjava/lang/CharSequence;)Z @ 50
Event: 1.236 Thread 0x0000000002943800 Uncommon trap: reason=class_check action=maybe_recompile pc=0x0000000002b1efa8 method=java.util.regex.Pattern$Branch.match(Ljava/util/regex/Matcher;ILjava/lang/CharSequence;)Z @ 50
Event: 1.236 Thread 0x0000000002943800 Uncommon trap: reason=class_check action=maybe_recompile pc=0x0000000002b1c0cc method=java.util.regex.Matcher.group(I)Ljava/lang/String; @ 106
Event: 1.244 Thread 0x0000000002943800 Uncommon trap: reason=class_check action=maybe_recompile pc=0x0000000002ac4f30 method=java.util.regex.Pattern$Start.match(Ljava/util/regex/Matcher;ILjava/lang/CharSequence;)Z @ 44
Event: 1.244 Thread 0x0000000002943800 Uncommon trap: reason=class_check action=maybe_recompile pc=0x0000000002ac4f30 method=java.util.regex.Pattern$Start.match(Ljava/util/regex/Matcher;ILjava/lang/CharSequence;)Z @ 44
Event: 1.244 Thread 0x0000000002943800 Uncommon trap: reason=class_check action=maybe_recompile pc=0x0000000002ac4f30 method=java.util.regex.Pattern$Start.match(Ljava/util/regex/Matcher;ILjava/lang/CharSequence;)Z @ 44

Internal exceptions (10 events):
Event: 1.276 Thread 0x0000000002943800 Threw 0x00000007862b9d78 at C:\re\jdk7u51\527\hotspot\src\share\vm\prims\jvm.cpp:1244
Event: 1.276 Thread 0x0000000002943800 Threw 0x00000007862ba560 at C:\re\jdk7u51\527\hotspot\src\share\vm\prims\jvm.cpp:1244
Event: 1.276 Thread 0x0000000002943800 Threw 0x00000007862bf670 at C:\re\jdk7u51\527\hotspot\src\share\vm\prims\jvm.cpp:1244
Event: 1.276 Thread 0x0000000002943800 Threw 0x00000007862c0208 at C:\re\jdk7u51\527\hotspot\src\share\vm\prims\jvm.cpp:1244
Event: 1.277 Thread 0x0000000002943800 Threw 0x00000007862c5378 at C:\re\jdk7u51\527\hotspot\src\share\vm\prims\jvm.cpp:1244
Event: 1.277 Thread 0x0000000002943800 Threw 0x00000007862ca5d8 at C:\re\jdk7u51\527\hotspot\src\share\vm\prims\jvm.cpp:1244
Event: 1.277 Thread 0x0000000002943800 Threw 0x00000007862cadc0 at C:\re\jdk7u51\527\hotspot\src\share\vm\prims\jvm.cpp:1244
Event: 1.277 Thread 0x0000000002943800 Threw 0x00000007862cfed0 at C:\re\jdk7u51\527\hotspot\src\share\vm\prims\jvm.cpp:1244
Event: 1.277 Thread 0x0000000002943800 Threw 0x00000007862d0b40 at C:\re\jdk7u51\527\hotspot\src\share\vm\prims\jvm.cpp:1244
Event: 1.277 Thread 0x0000000002943800 Threw 0x00000007862d60f8 at C:\re\jdk7u51\527\hotspot\src\share\vm\prims\jvm.cpp:1244

Events (10 events):
Event: 25555.237 Executing VM operation: ChangeBreakpoints
Event: 25555.237 Executing VM operation: ChangeBreakpoints done
Event: 25580.206 Executing VM operation: RedefineClasses
Event: 25580.215 Executing VM operation: RedefineClasses done
Event: 25580.222 Executing VM operation: ChangeBreakpoints
Event: 25580.222 Executing VM operation: ChangeBreakpoints done
Event: 25580.232 Executing VM operation: ChangeBreakpoints
Event: 25580.232 Executing VM operation: ChangeBreakpoints done
Event: 81032.426 Executing VM operation: RedefineClasses
Event: 81032.428 Executing VM operation: RedefineClasses done


Dynamic libraries:
0x00007ff6aeeb0000 - 0x00007ff6aeee3000 	C:\Program Files\Java\jdk1.7.0_51\bin\javaw.exe
0x00007ff806ba0000 - 0x00007ff806d4a000 	C:\WINDOWS\SYSTEM32\ntdll.dll
0x00007ff804420000 - 0x00007ff80455a000 	C:\WINDOWS\system32\KERNEL32.DLL
0x00007ff803fe0000 - 0x00007ff8040ef000 	C:\WINDOWS\system32\KERNELBASE.dll
0x00007ff802b40000 - 0x00007ff802bc8000 	C:\WINDOWS\system32\apphelp.dll
0x00007fffebdf0000 - 0x00007fffebe3f000 	C:\WINDOWS\AppPatch\AppPatch64\AcGenral.DLL
0x00007ff804c40000 - 0x00007ff804ce7000 	C:\WINDOWS\system32\msvcrt.dll
0x00007ff803d50000 - 0x00007ff803d7b000 	C:\WINDOWS\SYSTEM32\SspiCli.dll
0x00007ff804cf0000 - 0x00007ff804d41000 	C:\WINDOWS\system32\SHLWAPI.dll
0x00007ff8068e0000 - 0x00007ff806a51000 	C:\WINDOWS\system32\USER32.dll
0x00007ff804740000 - 0x00007ff8048b8000 	C:\WINDOWS\system32\ole32.dll
0x00007ff805450000 - 0x00007ff806867000 	C:\WINDOWS\system32\SHELL32.dll
0x00007ff803520000 - 0x00007ff80353e000 	C:\WINDOWS\SYSTEM32\USERENV.dll
0x00007ff8045c0000 - 0x00007ff804665000 	C:\WINDOWS\system32\ADVAPI32.dll
0x00007ffffabe0000 - 0x00007ffffabfb000 	C:\WINDOWS\SYSTEM32\MPR.dll
0x00007ff806a60000 - 0x00007ff806b96000 	C:\WINDOWS\system32\RPCRT4.dll
0x00007ff806880000 - 0x00007ff8068d7000 	C:\WINDOWS\SYSTEM32\sechost.dll
0x00007ff804a60000 - 0x00007ff804c36000 	C:\WINDOWS\SYSTEM32\combase.dll
0x00007ff804910000 - 0x00007ff804a55000 	C:\WINDOWS\system32\GDI32.dll
0x00007ff803f10000 - 0x00007ff803f24000 	C:\WINDOWS\SYSTEM32\profapi.dll
0x00007ff8028e0000 - 0x00007ff80297f000 	C:\WINDOWS\SYSTEM32\SHCORE.dll
0x00007ff8048c0000 - 0x00007ff8048f4000 	C:\WINDOWS\system32\IMM32.DLL
0x00007ff8052b0000 - 0x00007ff8053e9000 	C:\WINDOWS\system32\MSCTF.dll
0x00007ff802260000 - 0x00007ff8024ba000 	C:\WINDOWS\WinSxS\amd64_microsoft.windows.common-controls_6595b64144ccf1df_6.0.9600.17031_none_6242a4b3ecbb55a1\COMCTL32.dll
0x000000006bd70000 - 0x000000006be42000 	C:\Program Files\Java\jdk1.7.0_51\jre\bin\msvcr100.dll
0x000000006b4c0000 - 0x000000006bc89000 	C:\Program Files\Java\jdk1.7.0_51\jre\bin\server\jvm.dll
0x00007ffffb420000 - 0x00007ffffb429000 	C:\WINDOWS\SYSTEM32\WSOCK32.dll
0x00007ff8024c0000 - 0x00007ff8024df000 	C:\WINDOWS\SYSTEM32\WINMM.dll
0x00007ff804670000 - 0x00007ff804677000 	C:\WINDOWS\system32\PSAPI.DLL
0x00007ff8053f0000 - 0x00007ff805448000 	C:\WINDOWS\system32\WS2_32.dll
0x00007ff802200000 - 0x00007ff80222a000 	C:\WINDOWS\SYSTEM32\WINMMBASE.dll
0x00007ff804900000 - 0x00007ff804909000 	C:\WINDOWS\system32\NSI.dll
0x00007ff804380000 - 0x00007ff8043ca000 	C:\WINDOWS\SYSTEM32\cfgmgr32.dll
0x00007ff802da0000 - 0x00007ff802dc6000 	C:\WINDOWS\SYSTEM32\DEVOBJ.dll
0x000000006b4b0000 - 0x000000006b4bf000 	C:\Program Files\Java\jdk1.7.0_51\jre\bin\verify.dll
0x000000006b480000 - 0x000000006b4a8000 	C:\Program Files\Java\jdk1.7.0_51\jre\bin\java.dll
0x000000006d430000 - 0x000000006d465000 	C:\Program Files\Java\jdk1.7.0_51\jre\bin\jdwp.dll
0x000000006d420000 - 0x000000006d428000 	C:\Program Files\Java\jdk1.7.0_51\jre\bin\npt.dll
0x000000006b460000 - 0x000000006b475000 	C:\Program Files\Java\jdk1.7.0_51\jre\bin\zip.dll
0x000000006d410000 - 0x000000006d419000 	C:\Program Files\Java\jdk1.7.0_51\jre\bin\dt_socket.dll
0x00007ffff1c40000 - 0x00007ffff1c54000 	C:\WINDOWS\system32\napinsp.dll
0x00007ffff1c60000 - 0x00007ffff1c79000 	C:\WINDOWS\system32\pnrpnsp.dll
0x00007ff800970000 - 0x00007ff800989000 	C:\WINDOWS\system32\NLAapi.dll
0x00007ff803770000 - 0x00007ff8037c8000 	C:\WINDOWS\System32\mswsock.dll
0x00007ff803580000 - 0x00007ff803623000 	C:\WINDOWS\SYSTEM32\DNSAPI.dll
0x00007ffff9c00000 - 0x00007ffff9c0c000 	C:\WINDOWS\System32\winrnr.dll
0x00007ffff9c10000 - 0x00007ffff9c23000 	C:\WINDOWS\system32\wshbth.dll
0x00007ffffdc80000 - 0x00007ffffdce8000 	C:\WINDOWS\System32\fwpuclnt.dll
0x00007ffffabd0000 - 0x00007ffffabd9000 	C:\Windows\System32\rasadhlp.dll
0x000000006b440000 - 0x000000006b459000 	C:\Program Files\Java\jdk1.7.0_51\jre\bin\net.dll
0x000000006b420000 - 0x000000006b431000 	C:\Program Files\Java\jdk1.7.0_51\jre\bin\nio.dll
0x00007ff8037d0000 - 0x00007ff8037ee000 	C:\WINDOWS\SYSTEM32\CRYPTSP.dll
0x00007ff803410000 - 0x00007ff803445000 	C:\WINDOWS\system32\rsaenh.dll
0x00007ff803a00000 - 0x00007ff803a26000 	C:\WINDOWS\SYSTEM32\bcrypt.dll
0x00007ff803d80000 - 0x00007ff803de0000 	C:\WINDOWS\system32\bcryptprimitives.dll
0x00007ff803de0000 - 0x00007ff803dea000 	C:\WINDOWS\SYSTEM32\CRYPTBASE.dll
0x00007ffffe310000 - 0x00007ffffe339000 	C:\WINDOWS\SYSTEM32\IPHLPAPI.DLL
0x00007ffffe300000 - 0x00007ffffe30a000 	C:\WINDOWS\SYSTEM32\WINNSI.DLL
0x00007ff800780000 - 0x00007ff800908000 	C:\WINDOWS\SYSTEM32\dbghelp.dll

VM Arguments:
jvm_args: -agentlib:jdwp=transport=dt_socket,suspend=y,address=localhost:62548 -Dfile.encoding=Cp1252 
java_command: de.huberlin.hiwaydb.LogToDB.Reader
Launcher Type: SUN_STANDARD

Environment Variables:
JAVA_HOME=C:\Program Files\Java\jdk1.7.0_51
PATH=C:\Program Files\Java\jdk1.7.0_51\jre\bin;C:/Program Files/Java/jdk1.7.0_51/bin/../jre/bin/server;C:/Program Files/Java/jdk1.7.0_51/bin/../jre/bin;C:/Program Files/Java/jdk1.7.0_51/bin/../jre/lib/amd64;C:\Program Files (x86)\Common Files\TEC-IT\TBarCode\11.1\;C:\Program Files\Common Files\TEC-IT\TBarCode\11.1\;C:\Program Files\OpenVPN\bin;C:\Program Files (x86)\Bitvise SSH Client;C:\Program Files (x86)\Windows Live\Shared;C:\Program Files (x86)\MySQL\MySQL Utilities 1.3.6\;C:\Program Files (x86)\OpenVPN\bin;C:\Program Files\Java\jdk1.7.0_51\bin;C:\Program Files\apache-maven-3.2.1\bin;C:\Program Files\Java\jdk1.7.0_51\bin;C:\Program Files\eclipse;
USERNAME=HannesArbeit
OS=Windows_NT
PROCESSOR_IDENTIFIER=Intel64 Family 6 Model 60 Stepping 3, GenuineIntel



---------------  S Y S T E M  ---------------

OS: Windows 8 , 64 bit Build 9200 

CPU:total 8 (4 cores per cpu, 2 threads per core) family 6 model 60 stepping 3, cmov, cx8, fxsr, mmx, sse, sse2, sse3, ssse3, sse4.1, sse4.2, popcnt, avx, avx2, aes, erms, ht, tsc, tscinvbit

Memory: 4k page, physical 25100072k(19401992k free), swap 31445808k(4962980k free)

vm_info: Java HotSpot(TM) 64-Bit Server VM (24.51-b03) for windows-amd64 JRE (1.7.0_51-b13), built on Dec 18 2013 18:40:56 by "java_re" with unknown MS VC++:1600

time: Wed May 07 10:04:18 2014
elapsed time: 81032 seconds

